[debug] [2021-10-28T20:33:31.826Z] ----------------------------------------------------------------------
[debug] [2021-10-28T20:33:31.828Z] Command:       C:\Program Files\nodejs\node.exe C:\Users\phiwe\AppData\Roaming\npm\node_modules\firebase-tools\lib\bin\firebase.js deploy
[debug] [2021-10-28T20:33:31.828Z] CLI Version:   9.21.0
[debug] [2021-10-28T20:33:31.828Z] Platform:      win32
[debug] [2021-10-28T20:33:31.828Z] Node Version:  v14.17.5
[debug] [2021-10-28T20:33:31.829Z] Time:          Thu Oct 28 2021 22:33:31 GMT+0200 (South Africa Standard Time)
[debug] [2021-10-28T20:33:31.829Z] ----------------------------------------------------------------------
[debug] 
[debug] [2021-10-28T20:33:31.870Z] > command requires scopes: ["email","openid","https://www.googleapis.com/auth/cloudplatformprojects.readonly","https://www.googleapis.com/auth/firebase","https://www.googleapis.com/auth/cloud-platform"]
[debug] [2021-10-28T20:33:31.870Z] > authorizing via signed-in user (phiwen2@gmail.com)
[debug] [2021-10-28T20:33:31.870Z] [iam] checking project surveys-d147b for permissions ["firebase.projects.get","firebasehosting.sites.update"]
[debug] [2021-10-28T20:33:31.871Z] > refreshing access token with scopes: ["email","https://www.googleapis.com/auth/cloud-platform","https://www.googleapis.com/auth/cloudplatformprojects.readonly","https://www.googleapis.com/auth/firebase","openid"]
[debug] [2021-10-28T20:33:31.872Z] >>> HTTP REQUEST POST https://www.googleapis.com/oauth2/v3/token  
 <request body omitted>
[debug] [2021-10-28T20:33:42.977Z] [iam] error while checking permissions, command may fail: FirebaseError: Authentication Error: Your credentials are no longer valid. Please run firebase login --reauth

For CI servers and headless environments, generate a new token with firebase login:ci
[debug] [2021-10-28T20:33:42.978Z] > refreshing access token with scopes: []
[debug] [2021-10-28T20:33:42.979Z] >>> HTTP REQUEST POST https://www.googleapis.com/oauth2/v3/token  
 <request body omitted>
[debug] [2021-10-28T20:33:54.086Z] Authentication Error: Your credentials are no longer valid. Please run firebase login --reauth

For CI servers and headless environments, generate a new token with firebase login:ci
[debug] [2021-10-28T20:33:54.665Z] FirebaseError: Authentication Error: Your credentials are no longer valid. Please run firebase login --reauth

For CI servers and headless environments, generate a new token with firebase login:ci
    at invalidCredentialError (C:\Users\phiwe\AppData\Roaming\npm\node_modules\firebase-tools\lib\auth.js:141:12)
    at refreshTokens (C:\Users\phiwe\AppData\Roaming\npm\node_modules\firebase-tools\lib\auth.js:448:15)
    at processTicksAndRejections (internal/process/task_queues.js:95:5)
    at async Client.getAccessToken (C:\Users\phiwe\AppData\Roaming\npm\node_modules\firebase-tools\lib\apiv2.js:146:23)
    at async Client.addAuthHeader (C:\Users\phiwe\AppData\Roaming\npm\node_modules\firebase-tools\lib\apiv2.js:137:21)
    at async Client.request (C:\Users\phiwe\AppData\Roaming\npm\node_modules\firebase-tools\lib\apiv2.js:93:34)
    at async Object.getFirebaseProject (C:\Users\phiwe\AppData\Roaming\npm\node_modules\firebase-tools\lib\management\projects.js:290:21)
    at async Object.getDefaultHostingSite (C:\Users\phiwe\AppData\Roaming\npm\node_modules\firebase-tools\lib\getDefaultHostingSite.js:8:21)
    at async requireHostingSite (C:\Users\phiwe\AppData\Roaming\npm\node_modules\firebase-tools\lib\requireHostingSite.js:9:18)
    at async Object.fn (C:\Users\phiwe\AppData\Roaming\npm\node_modules\firebase-tools\lib\commands\deploy.js:65:9)
    at async C:\Users\phiwe\AppData\Roaming\npm\node_modules\firebase-tools\lib\command.js:188:17
[error] 
[error] Error: Failed to get Firebase project surveys-d147b. Please make sure the project exists and your account has permission to access it.
